2017-02-14T00:21:29.872858510+10:30 INFO hackrf_task - Starting test task
2017-02-14T00:21:29.873725930+10:30 INFO hackrf_task - Running test
2017-02-14T00:21:29.874305380+10:30 INFO pulse_manager - Starting pulse manager
2017-02-14T00:21:40.832174966+10:30 INFO pulse_manager - Pulse { freq: 148, signal_strength: 21.26133, gain: 0, timestamp: Timestamp { seconds: 1486993900, nanos: 829817483 } }
2017-02-14T00:21:40.832373516+10:30 INFO pulse_manager - Pulse { freq: 152, signal_strength: -1.7618618, gain: 0, timestamp: Timestamp { seconds: 1486993900, nanos: 829817483 } }
2017-02-14T00:21:40.832414264+10:30 INFO pulse_manager - Pulse { freq: 150, signal_strength: -4.581174, gain: 0, timestamp: Timestamp { seconds: 1486993900, nanos: 829817483 } }
2017-02-14T00:21:41.832961131+10:30 INFO pulse_manager - Pulse { freq: 148, signal_strength: 17.828588, gain: 0, timestamp: Timestamp { seconds: 1486993901, nanos: 832263523 } }
2017-02-14T00:21:41.833027441+10:30 INFO pulse_manager - Pulse { freq: 152, signal_strength: 4.56931, gain: 0, timestamp: Timestamp { seconds: 1486993901, nanos: 832263523 } }
2017-02-14T00:21:41.833054654+10:30 INFO pulse_manager - Pulse { freq: 150, signal_strength: -9.812853, gain: 0, timestamp: Timestamp { seconds: 1486993901, nanos: 832263523 } }
2017-02-14T00:21:42.836005024+10:30 INFO pulse_manager - Pulse { freq: 148, signal_strength: 5.8756332, gain: 0, timestamp: Timestamp { seconds: 1486993902, nanos: 833555080 } }
2017-02-14T00:21:42.836163221+10:30 INFO pulse_manager - Pulse { freq: 152, signal_strength: 1.2964716, gain: 0, timestamp: Timestamp { seconds: 1486993902, nanos: 833555080 } }
2017-02-14T00:21:42.836223389+10:30 INFO pulse_manager - Pulse { freq: 150, signal_strength: -12.443923, gain: 0, timestamp: Timestamp { seconds: 1486993902, nanos: 833555080 } }
2017-02-14T00:21:43.836311136+10:30 INFO pulse_manager - Pulse { freq: 148, signal_strength: 22.62117, gain: 0, timestamp: Timestamp { seconds: 1486993903, nanos: 835066476 } }
2017-02-14T00:21:43.836404497+10:30 INFO pulse_manager - Pulse { freq: 152, signal_strength: 6.4774237, gain: 0, timestamp: Timestamp { seconds: 1486993903, nanos: 835066476 } }
2017-02-14T00:21:43.836430414+10:30 INFO pulse_manager - Pulse { freq: 150, signal_strength: -15.233108, gain: 0, timestamp: Timestamp { seconds: 1486993903, nanos: 835066476 } }
2017-02-14T00:21:44.838369365+10:30 INFO pulse_manager - Pulse { freq: 148, signal_strength: 9.144974, gain: 0, timestamp: Timestamp { seconds: 1486993904, nanos: 836340587 } }
2017-02-14T00:21:44.838535042+10:30 INFO pulse_manager - Pulse { freq: 152, signal_strength: 4.7009215, gain: 0, timestamp: Timestamp { seconds: 1486993904, nanos: 836340587 } }
2017-02-14T00:21:44.838574818+10:30 INFO pulse_manager - Pulse { freq: 150, signal_strength: -15.391118, gain: 0, timestamp: Timestamp { seconds: 1486993904, nanos: 836340587 } }
2017-02-14T00:21:45.839024200+10:30 INFO pulse_manager - Pulse { freq: 148, signal_strength: 11.362789, gain: 0, timestamp: Timestamp { seconds: 1486993905, nanos: 838464601 } }
2017-02-14T00:21:45.839094932+10:30 INFO pulse_manager - Pulse { freq: 152, signal_strength: -4.020912, gain: 0, timestamp: Timestamp { seconds: 1486993905, nanos: 838464601 } }
2017-02-14T00:21:45.839119811+10:30 INFO pulse_manager - Pulse { freq: 150, signal_strength: -12.455698, gain: 0, timestamp: Timestamp { seconds: 1486993905, nanos: 838464601 } }
2017-02-14T00:21:46.839761944+10:30 INFO pulse_manager - Pulse { freq: 148, signal_strength: 11.902667, gain: 0, timestamp: Timestamp { seconds: 1486993906, nanos: 839305184 } }
2017-02-14T00:21:46.839816572+10:30 INFO pulse_manager - Pulse { freq: 152, signal_strength: -4.9399896, gain: 0, timestamp: Timestamp { seconds: 1486993906, nanos: 839305184 } }
2017-02-14T00:21:46.839846511+10:30 INFO pulse_manager - Pulse { freq: 150, signal_strength: -10.917661, gain: 0, timestamp: Timestamp { seconds: 1486993906, nanos: 839305184 } }
2017-02-14T00:21:47.841047931+10:30 INFO pulse_manager - Pulse { freq: 148, signal_strength: 11.8719015, gain: 0, timestamp: Timestamp { seconds: 1486993907, nanos: 839898994 } }
2017-02-14T00:21:47.841260466+10:30 INFO pulse_manager - Pulse { freq: 152, signal_strength: 8.01482, gain: 0, timestamp: Timestamp { seconds: 1486993907, nanos: 839898994 } }
2017-02-14T00:21:47.841304292+10:30 INFO pulse_manager - Pulse { freq: 150, signal_strength: -7.975139, gain: 0, timestamp: Timestamp { seconds: 1486993907, nanos: 839898994 } }
2017-02-14T00:21:48.843119670+10:30 INFO pulse_manager - Pulse { freq: 148, signal_strength: 20.472282, gain: 0, timestamp: Timestamp { seconds: 1486993908, nanos: 841118776 } }
2017-02-14T00:21:48.843299668+10:30 INFO pulse_manager - Pulse { freq: 152, signal_strength: -9.930698, gain: 0, timestamp: Timestamp { seconds: 1486993908, nanos: 841118776 } }
2017-02-14T00:21:48.843354985+10:30 INFO pulse_manager - Pulse { freq: 150, signal_strength: -18.181334, gain: 0, timestamp: Timestamp { seconds: 1486993908, nanos: 841118776 } }
2017-02-14T00:21:49.845972380+10:30 INFO pulse_manager - Pulse { freq: 148, signal_strength: 11.968312, gain: 0, timestamp: Timestamp { seconds: 1486993909, nanos: 843236718 } }
2017-02-14T00:21:49.846123256+10:30 INFO pulse_manager - Pulse { freq: 152, signal_strength: -2.8104506, gain: 0, timestamp: Timestamp { seconds: 1486993909, nanos: 843236718 } }
2017-02-14T00:21:49.846154316+10:30 INFO pulse_manager - Pulse { freq: 150, signal_strength: -20.605146, gain: 0, timestamp: Timestamp { seconds: 1486993909, nanos: 843236718 } }
2017-02-14T00:21:50.847939743+10:30 INFO pulse_manager - Pulse { freq: 148, signal_strength: 7.674624, gain: 0, timestamp: Timestamp { seconds: 1486993910, nanos: 846220631 } }
2017-02-14T00:21:50.848107266+10:30 INFO pulse_manager - Pulse { freq: 152, signal_strength: -3.2511854, gain: 0, timestamp: Timestamp { seconds: 1486993910, nanos: 846220631 } }
2017-02-14T00:21:50.848161719+10:30 INFO pulse_manager - Pulse { freq: 150, signal_strength: -14.486754, gain: 0, timestamp: Timestamp { seconds: 1486993910, nanos: 846220631 } }
2017-02-14T00:21:51.849922969+10:30 INFO pulse_manager - Pulse { freq: 148, signal_strength: 11.2424965, gain: 0, timestamp: Timestamp { seconds: 1486993911, nanos: 848049194 } }
2017-02-14T00:21:51.850038648+10:30 INFO pulse_manager - Pulse { freq: 152, signal_strength: 7.3668275, gain: 0, timestamp: Timestamp { seconds: 1486993911, nanos: 848049194 } }
2017-02-14T00:21:51.850093858+10:30 INFO pulse_manager - Pulse { freq: 150, signal_strength: -11.733472, gain: 0, timestamp: Timestamp { seconds: 1486993911, nanos: 848049194 } }
2017-02-14T00:21:52.851294836+10:30 INFO pulse_manager - Pulse { freq: 148, signal_strength: 20.239733, gain: 0, timestamp: Timestamp { seconds: 1486993912, nanos: 850011737 } }
2017-02-14T00:21:52.851362512+10:30 INFO pulse_manager - Pulse { freq: 152, signal_strength: 3.5608718, gain: 0, timestamp: Timestamp { seconds: 1486993912, nanos: 850011737 } }
2017-02-14T00:21:52.851388728+10:30 INFO pulse_manager - Pulse { freq: 150, signal_strength: -9.920854, gain: 0, timestamp: Timestamp { seconds: 1486993912, nanos: 850011737 } }
2017-02-14T00:21:53.853660784+10:30 INFO pulse_manager - Pulse { freq: 148, signal_strength: 24.613256, gain: 0, timestamp: Timestamp { seconds: 1486993913, nanos: 852623114 } }
2017-02-14T00:21:53.853729423+10:30 INFO pulse_manager - Pulse { freq: 152, signal_strength: 0.30665028, gain: 0, timestamp: Timestamp { seconds: 1486993913, nanos: 852623114 } }
2017-02-14T00:21:53.853782546+10:30 INFO pulse_manager - Pulse { freq: 150, signal_strength: -11.646597, gain: 0, timestamp: Timestamp { seconds: 1486993913, nanos: 852623114 } }
2017-02-14T00:21:54.855700851+10:30 INFO pulse_manager - Pulse { freq: 148, signal_strength: 9.659859, gain: 0, timestamp: Timestamp { seconds: 1486993914, nanos: 853823214 } }
2017-02-14T00:21:54.855851808+10:30 INFO pulse_manager - Pulse { freq: 152, signal_strength: 6.0311384, gain: 0, timestamp: Timestamp { seconds: 1486993914, nanos: 853823214 } }
2017-02-14T00:21:54.855889576+10:30 INFO pulse_manager - Pulse { freq: 150, signal_strength: -17.09058, gain: 0, timestamp: Timestamp { seconds: 1486993914, nanos: 853823214 } }
2017-02-14T00:21:55.857781951+10:30 INFO pulse_manager - Pulse { freq: 148, signal_strength: 12.169735, gain: 0, timestamp: Timestamp { seconds: 1486993915, nanos: 855823383 } }
2017-02-14T00:21:55.857921345+10:30 INFO pulse_manager - Pulse { freq: 152, signal_strength: 2.7719223, gain: 0, timestamp: Timestamp { seconds: 1486993915, nanos: 855823383 } }
2017-02-14T00:21:55.857985734+10:30 INFO pulse_manager - Pulse { freq: 150, signal_strength: -14.345051, gain: 0, timestamp: Timestamp { seconds: 1486993915, nanos: 855823383 } }
2017-02-14T00:21:56.861129972+10:30 INFO pulse_manager - Pulse { freq: 148, signal_strength: 17.871073, gain: 0, timestamp: Timestamp { seconds: 1486993916, nanos: 858316662 } }
2017-02-14T00:21:56.861214709+10:30 INFO pulse_manager - Pulse { freq: 152, signal_strength: -2.4131517, gain: 0, timestamp: Timestamp { seconds: 1486993916, nanos: 858316662 } }
2017-02-14T00:21:56.861240691+10:30 INFO pulse_manager - Pulse { freq: 150, signal_strength: -16.473873, gain: 0, timestamp: Timestamp { seconds: 1486993916, nanos: 858316662 } }
2017-02-14T00:21:57.864179588+10:30 INFO pulse_manager - Pulse { freq: 148, signal_strength: 23.920769, gain: 0, timestamp: Timestamp { seconds: 1486993917, nanos: 861403058 } }
2017-02-14T00:21:57.864357320+10:30 INFO pulse_manager - Pulse { freq: 152, signal_strength: 1.7806705, gain: 0, timestamp: Timestamp { seconds: 1486993917, nanos: 861403058 } }
2017-02-14T00:21:57.864408946+10:30 INFO pulse_manager - Pulse { freq: 150, signal_strength: -16.2127, gain: 0, timestamp: Timestamp { seconds: 1486993917, nanos: 861403058 } }
2017-02-14T00:21:58.866652476+10:30 INFO pulse_manager - Pulse { freq: 148, signal_strength: 27.649855, gain: 0, timestamp: Timestamp { seconds: 1486993918, nanos: 864277265 } }
2017-02-14T00:21:58.866947987+10:30 INFO pulse_manager - Pulse { freq: 152, signal_strength: -1.1950178, gain: 0, timestamp: Timestamp { seconds: 1486993918, nanos: 864277265 } }
2017-02-14T00:21:58.866981849+10:30 INFO pulse_manager - Pulse { freq: 150, signal_strength: -13.848183, gain: 0, timestamp: Timestamp { seconds: 1486993918, nanos: 864277265 } }
2017-02-14T00:21:59.869418367+10:30 INFO pulse_manager - Pulse { freq: 148, signal_strength: 19.056694, gain: 0, timestamp: Timestamp { seconds: 1486993919, nanos: 866671427 } }
2017-02-14T00:21:59.869585546+10:30 INFO pulse_manager - Pulse { freq: 152, signal_strength: -3.7140393, gain: 0, timestamp: Timestamp { seconds: 1486993919, nanos: 866671427 } }
2017-02-14T00:21:59.869632683+10:30 INFO pulse_manager - Pulse { freq: 150, signal_strength: -19.347223, gain: 0, timestamp: Timestamp { seconds: 1486993919, nanos: 866671427 } }
2017-02-14T00:22:00.870443612+10:30 INFO pulse_manager - Pulse { freq: 148, signal_strength: 17.184101, gain: 0, timestamp: Timestamp { seconds: 1486993920, nanos: 869440751 } }
2017-02-14T00:22:00.870606248+10:30 INFO pulse_manager - Pulse { freq: 152, signal_strength: 3.9633493, gain: 0, timestamp: Timestamp { seconds: 1486993920, nanos: 869440751 } }
2017-02-14T00:22:00.870667125+10:30 INFO pulse_manager - Pulse { freq: 150, signal_strength: -1.2393751, gain: 0, timestamp: Timestamp { seconds: 1486993920, nanos: 869440751 } }
2017-02-14T00:22:01.875495059+10:30 INFO pulse_manager - Pulse { freq: 148, signal_strength: 7.6643476, gain: 0, timestamp: Timestamp { seconds: 1486993921, nanos: 871116853 } }
2017-02-14T00:22:01.875710821+10:30 INFO pulse_manager - Pulse { freq: 152, signal_strength: 13.328014, gain: 0, timestamp: Timestamp { seconds: 1486993921, nanos: 871116853 } }
2017-02-14T00:22:01.875789563+10:30 INFO pulse_manager - Pulse { freq: 150, signal_strength: -15.232193, gain: 0, timestamp: Timestamp { seconds: 1486993921, nanos: 871116853 } }
2017-02-14T00:22:02.881994019+10:30 INFO pulse_manager - Pulse { freq: 148, signal_strength: 23.42007, gain: 0, timestamp: Timestamp { seconds: 1486993922, nanos: 873504909 } }
2017-02-14T00:22:02.882183159+10:30 INFO pulse_manager - Pulse { freq: 152, signal_strength: -2.17626, gain: 0, timestamp: Timestamp { seconds: 1486993922, nanos: 873504909 } }
2017-02-14T00:22:02.882256027+10:30 INFO pulse_manager - Pulse { freq: 150, signal_strength: -16.282654, gain: 0, timestamp: Timestamp { seconds: 1486993922, nanos: 873504909 } }
2017-02-14T00:22:03.875951775+10:30 INFO pulse_manager - Pulse { freq: 148, signal_strength: 10.407733, gain: 0, timestamp: Timestamp { seconds: 1486993923, nanos: 874863536 } }
2017-02-14T00:22:03.876010949+10:30 INFO pulse_manager - Pulse { freq: 152, signal_strength: -2.5974846, gain: 0, timestamp: Timestamp { seconds: 1486993923, nanos: 874863536 } }
2017-02-14T00:22:03.876031704+10:30 INFO pulse_manager - Pulse { freq: 150, signal_strength: -11.649725, gain: 0, timestamp: Timestamp { seconds: 1486993923, nanos: 874863536 } }
2017-02-14T00:22:04.877535754+10:30 INFO pulse_manager - Pulse { freq: 148, signal_strength: 26.933882, gain: 0, timestamp: Timestamp { seconds: 1486993924, nanos: 876435766 } }
2017-02-14T00:22:04.877703192+10:30 INFO pulse_manager - Pulse { freq: 152, signal_strength: 5.9549313, gain: 0, timestamp: Timestamp { seconds: 1486993924, nanos: 876435766 } }
2017-02-14T00:22:04.877815411+10:30 INFO pulse_manager - Pulse { freq: 150, signal_strength: -14.435422, gain: 0, timestamp: Timestamp { seconds: 1486993924, nanos: 876435766 } }
2017-02-14T00:22:05.880230693+10:30 INFO pulse_manager - Pulse { freq: 148, signal_strength: 22.440979, gain: 0, timestamp: Timestamp { seconds: 1486993925, nanos: 877311887 } }
2017-02-14T00:22:05.880425253+10:30 INFO pulse_manager - Pulse { freq: 152, signal_strength: -14.562091, gain: 0, timestamp: Timestamp { seconds: 1486993925, nanos: 877311887 } }
2017-02-14T00:22:05.880519779+10:30 INFO pulse_manager - Pulse { freq: 150, signal_strength: -11.475873, gain: 0, timestamp: Timestamp { seconds: 1486993925, nanos: 877311887 } }
2017-02-14T00:22:06.893561733+10:30 INFO pulse_manager - Pulse { freq: 148, signal_strength: 8.529272, gain: 0, timestamp: Timestamp { seconds: 1486993926, nanos: 889968219 } }
2017-02-14T00:22:06.893777901+10:30 INFO pulse_manager - Pulse { freq: 152, signal_strength: 3.4000454, gain: 0, timestamp: Timestamp { seconds: 1486993926, nanos: 889968219 } }
2017-02-14T00:22:06.893890643+10:30 INFO pulse_manager - Pulse { freq: 150, signal_strength: -9.18206, gain: 0, timestamp: Timestamp { seconds: 1486993926, nanos: 889968219 } }
2017-02-14T00:22:07.895347092+10:30 INFO pulse_manager - Pulse { freq: 148, signal_strength: 15.719385, gain: 0, timestamp: Timestamp { seconds: 1486993927, nanos: 893607888 } }
2017-02-14T00:22:07.895517934+10:30 INFO pulse_manager - Pulse { freq: 152, signal_strength: 0.09695864, gain: 0, timestamp: Timestamp { seconds: 1486993927, nanos: 893607888 } }
2017-02-14T00:22:07.895601992+10:30 INFO pulse_manager - Pulse { freq: 150, signal_strength: -13.78562, gain: 0, timestamp: Timestamp { seconds: 1486993927, nanos: 893607888 } }
2017-02-14T00:22:08.896975557+10:30 INFO pulse_manager - Pulse { freq: 148, signal_strength: 14.470266, gain: 0, timestamp: Timestamp { seconds: 1486993928, nanos: 895927783 } }
2017-02-14T00:22:08.897238658+10:30 INFO pulse_manager - Pulse { freq: 152, signal_strength: -5.1931267, gain: 0, timestamp: Timestamp { seconds: 1486993928, nanos: 895927783 } }
2017-02-14T00:22:08.897341579+10:30 INFO pulse_manager - Pulse { freq: 150, signal_strength: -8.024275, gain: 0, timestamp: Timestamp { seconds: 1486993928, nanos: 895927783 } }
2017-02-14T00:22:09.898646128+10:30 INFO pulse_manager - Pulse { freq: 148, signal_strength: 6.0547214, gain: 0, timestamp: Timestamp { seconds: 1486993929, nanos: 897525094 } }
2017-02-14T00:22:09.898778795+10:30 INFO pulse_manager - Pulse { freq: 152, signal_strength: 6.4163184, gain: 0, timestamp: Timestamp { seconds: 1486993929, nanos: 897525094 } }
2017-02-14T00:22:09.898819568+10:30 INFO pulse_manager - Pulse { freq: 150, signal_strength: -14.934034, gain: 0, timestamp: Timestamp { seconds: 1486993929, nanos: 897525094 } }
2017-02-14T00:22:10.900155677+10:30 INFO pulse_manager - Pulse { freq: 148, signal_strength: 2.9606848, gain: 0, timestamp: Timestamp { seconds: 1486993930, nanos: 898783155 } }
2017-02-14T00:22:10.900236926+10:30 INFO pulse_manager - Pulse { freq: 152, signal_strength: 13.919729, gain: 0, timestamp: Timestamp { seconds: 1486993930, nanos: 898783155 } }
2017-02-14T00:22:10.900266702+10:30 INFO pulse_manager - Pulse { freq: 150, signal_strength: -17.599087, gain: 0, timestamp: Timestamp { seconds: 1486993930, nanos: 898783155 } }
2017-02-14T00:22:11.901126138+10:30 INFO pulse_manager - Pulse { freq: 148, signal_strength: 8.839762, gain: 0, timestamp: Timestamp { seconds: 1486993931, nanos: 900261635 } }
2017-02-14T00:22:11.901277910+10:30 INFO pulse_manager - Pulse { freq: 152, signal_strength: 1.9951609, gain: 0, timestamp: Timestamp { seconds: 1486993931, nanos: 900261635 } }
2017-02-14T00:22:11.901307762+10:30 INFO pulse_manager - Pulse { freq: 150, signal_strength: -11.028519, gain: 0, timestamp: Timestamp { seconds: 1486993931, nanos: 900261635 } }
2017-02-14T00:22:12.902969364+10:30 INFO pulse_manager - Pulse { freq: 148, signal_strength: 8.908339, gain: 0, timestamp: Timestamp { seconds: 1486993932, nanos: 901612626 } }
2017-02-14T00:22:12.903045950+10:30 INFO pulse_manager - Pulse { freq: 152, signal_strength: 0.35281646, gain: 0, timestamp: Timestamp { seconds: 1486993932, nanos: 901612626 } }
2017-02-14T00:22:12.903072450+10:30 INFO pulse_manager - Pulse { freq: 150, signal_strength: -9.226332, gain: 0, timestamp: Timestamp { seconds: 1486993932, nanos: 901612626 } }
2017-02-14T00:22:13.904471851+10:30 INFO pulse_manager - Pulse { freq: 148, signal_strength: 6.18912, gain: 0, timestamp: Timestamp { seconds: 1486993933, nanos: 903301490 } }
2017-02-14T00:22:13.904574519+10:30 INFO pulse_manager - Pulse { freq: 152, signal_strength: -15.916186, gain: 0, timestamp: Timestamp { seconds: 1486993933, nanos: 903301490 } }
2017-02-14T00:22:13.904629734+10:30 INFO pulse_manager - Pulse { freq: 150, signal_strength: -21.306553, gain: 0, timestamp: Timestamp { seconds: 1486993933, nanos: 903301490 } }
2017-02-14T00:22:14.905499363+10:30 INFO pulse_manager - Pulse { freq: 148, signal_strength: 15.38718, gain: 0, timestamp: Timestamp { seconds: 1486993934, nanos: 904606637 } }
2017-02-14T00:22:14.905557071+10:30 INFO pulse_manager - Pulse { freq: 152, signal_strength: 2.39947, gain: 0, timestamp: Timestamp { seconds: 1486993934, nanos: 904606637 } }
2017-02-14T00:22:14.905584287+10:30 INFO pulse_manager - Pulse { freq: 150, signal_strength: -15.642915, gain: 0, timestamp: Timestamp { seconds: 1486993934, nanos: 904606637 } }
2017-02-14T00:22:15.907829027+10:30 INFO pulse_manager - Pulse { freq: 148, signal_strength: 16.030476, gain: 0, timestamp: Timestamp { seconds: 1486993935, nanos: 905612049 } }
2017-02-14T00:22:15.908009909+10:30 INFO pulse_manager - Pulse { freq: 152, signal_strength: 3.6267853, gain: 0, timestamp: Timestamp { seconds: 1486993935, nanos: 905612049 } }
2017-02-14T00:22:15.908046314+10:30 INFO pulse_manager - Pulse { freq: 150, signal_strength: -12.735137, gain: 0, timestamp: Timestamp { seconds: 1486993935, nanos: 905612049 } }
2017-02-14T00:22:16.911145821+10:30 INFO pulse_manager - Pulse { freq: 148, signal_strength: 10.132019, gain: 0, timestamp: Timestamp { seconds: 1486993936, nanos: 909782036 } }
2017-02-14T00:22:16.911442042+10:30 INFO pulse_manager - Pulse { freq: 152, signal_strength: -3.8899865, gain: 0, timestamp: Timestamp { seconds: 1486993936, nanos: 909782036 } }
2017-02-14T00:22:16.911545337+10:30 INFO pulse_manager - Pulse { freq: 150, signal_strength: -9.065241, gain: 0, timestamp: Timestamp { seconds: 1486993936, nanos: 909782036 } }
2017-02-14T00:22:17.914120146+10:30 INFO pulse_manager - Pulse { freq: 148, signal_strength: 21.531506, gain: 0, timestamp: Timestamp { seconds: 1486993937, nanos: 911224555 } }
2017-02-14T00:22:17.914211798+10:30 INFO pulse_manager - Pulse { freq: 152, signal_strength: 3.2376199, gain: 0, timestamp: Timestamp { seconds: 1486993937, nanos: 911224555 } }
2017-02-14T00:22:17.914235988+10:30 INFO pulse_manager - Pulse { freq: 150, signal_strength: -11.78495, gain: 0, timestamp: Timestamp { seconds: 1486993937, nanos: 911224555 } }
2017-02-14T00:22:18.914518049+10:30 INFO pulse_manager - Pulse { freq: 148, signal_strength: 5.933755, gain: 0, timestamp: Timestamp { seconds: 1486993938, nanos: 913045148 } }
2017-02-14T00:22:18.914628105+10:30 INFO pulse_manager - Pulse { freq: 152, signal_strength: -4.9666023, gain: 0, timestamp: Timestamp { seconds: 1486993938, nanos: 913045148 } }
2017-02-14T00:22:18.914661292+10:30 INFO pulse_manager - Pulse { freq: 150, signal_strength: -10.961835, gain: 0, timestamp: Timestamp { seconds: 1486993938, nanos: 913045148 } }
2017-02-14T00:22:19.917553683+10:30 INFO pulse_manager - Pulse { freq: 148, signal_strength: 12.569176, gain: 0, timestamp: Timestamp { seconds: 1486993939, nanos: 914682051 } }
2017-02-14T00:22:19.918003066+10:30 INFO pulse_manager - Pulse { freq: 152, signal_strength: 1.5459358, gain: 0, timestamp: Timestamp { seconds: 1486993939, nanos: 914682051 } }
2017-02-14T00:22:19.918142374+10:30 INFO pulse_manager - Pulse { freq: 150, signal_strength: -11.55497, gain: 0, timestamp: Timestamp { seconds: 1486993939, nanos: 914682051 } }
2017-02-14T00:22:20.918322911+10:30 INFO pulse_manager - Pulse { freq: 148, signal_strength: 18.2207, gain: 0, timestamp: Timestamp { seconds: 1486993940, nanos: 917533366 } }
2017-02-14T00:22:20.918439784+10:30 INFO pulse_manager - Pulse { freq: 152, signal_strength: 6.4299846, gain: 0, timestamp: Timestamp { seconds: 1486993940, nanos: 917533366 } }
2017-02-14T00:22:20.918497721+10:30 INFO pulse_manager - Pulse { freq: 150, signal_strength: -14.970657, gain: 0, timestamp: Timestamp { seconds: 1486993940, nanos: 917533366 } }
2017-02-14T00:22:21.919277833+10:30 INFO pulse_manager - Pulse { freq: 148, signal_strength: 12.982003, gain: 0, timestamp: Timestamp { seconds: 1486993941, nanos: 918470629 } }
2017-02-14T00:22:21.919542601+10:30 INFO pulse_manager - Pulse { freq: 152, signal_strength: 10.219973, gain: 0, timestamp: Timestamp { seconds: 1486993941, nanos: 918470629 } }
2017-02-14T00:22:21.919654636+10:30 INFO pulse_manager - Pulse { freq: 150, signal_strength: -18.816116, gain: 0, timestamp: Timestamp { seconds: 1486993941, nanos: 918470629 } }
2017-02-14T00:22:22.920427320+10:30 INFO pulse_manager - Pulse { freq: 148, signal_strength: 7.795203, gain: 0, timestamp: Timestamp { seconds: 1486993942, nanos: 919361663 } }
2017-02-14T00:22:22.920542487+10:30 INFO pulse_manager - Pulse { freq: 152, signal_strength: 3.995022, gain: 0, timestamp: Timestamp { seconds: 1486993942, nanos: 919361663 } }
2017-02-14T00:22:22.920583190+10:30 INFO pulse_manager - Pulse { freq: 150, signal_strength: -19.31057, gain: 0, timestamp: Timestamp { seconds: 1486993942, nanos: 919361663 } }
2017-02-14T00:22:23.922696265+10:30 INFO pulse_manager - Pulse { freq: 148, signal_strength: 11.002852, gain: 0, timestamp: Timestamp { seconds: 1486993943, nanos: 921771976 } }
2017-02-14T00:22:23.922954636+10:30 INFO pulse_manager - Pulse { freq: 152, signal_strength: 2.9052432, gain: 0, timestamp: Timestamp { seconds: 1486993943, nanos: 921771976 } }
2017-02-14T00:22:23.923028005+10:30 INFO pulse_manager - Pulse { freq: 150, signal_strength: -15.151224, gain: 0, timestamp: Timestamp { seconds: 1486993943, nanos: 921771976 } }
2017-02-14T00:22:24.924941308+10:30 INFO pulse_manager - Pulse { freq: 148, signal_strength: 14.592341, gain: 0, timestamp: Timestamp { seconds: 1486993944, nanos: 922773521 } }
2017-02-14T00:22:24.925084822+10:30 INFO pulse_manager - Pulse { freq: 152, signal_strength: 0.38110578, gain: 0, timestamp: Timestamp { seconds: 1486993944, nanos: 922773521 } }
2017-02-14T00:22:24.925151208+10:30 INFO pulse_manager - Pulse { freq: 150, signal_strength: -8.039349, gain: 0, timestamp: Timestamp { seconds: 1486993944, nanos: 922773521 } }
2017-02-14T00:22:25.926248643+10:30 INFO pulse_manager - Pulse { freq: 148, signal_strength: 17.149834, gain: 0, timestamp: Timestamp { seconds: 1486993945, nanos: 925083267 } }
2017-02-14T00:22:25.926442301+10:30 INFO pulse_manager - Pulse { freq: 152, signal_strength: -1.4790115, gain: 0, timestamp: Timestamp { seconds: 1486993945, nanos: 925083267 } }
2017-02-14T00:22:25.926520785+10:30 INFO pulse_manager - Pulse { freq: 150, signal_strength: -19.05821, gain: 0, timestamp: Timestamp { seconds: 1486993945, nanos: 925083267 } }
2017-02-14T00:22:26.929699337+10:30 INFO pulse_manager - Pulse { freq: 148, signal_strength: 12.870532, gain: 0, timestamp: Timestamp { seconds: 1486993946, nanos: 926325528 } }
2017-02-14T00:22:26.930029037+10:30 INFO pulse_manager - Pulse { freq: 152, signal_strength: 8.393561, gain: 0, timestamp: Timestamp { seconds: 1486993946, nanos: 926325528 } }
2017-02-14T00:22:26.930145866+10:30 INFO pulse_manager - Pulse { freq: 150, signal_strength: -27.508104, gain: 0, timestamp: Timestamp { seconds: 1486993946, nanos: 926325528 } }
2017-02-14T00:22:27.927993621+10:30 INFO pulse_manager - Pulse { freq: 148, signal_strength: 20.882652, gain: 0, timestamp: Timestamp { seconds: 1486993947, nanos: 927254329 } }
2017-02-14T00:22:27.928066695+10:30 INFO pulse_manager - Pulse { freq: 152, signal_strength: -3.2114644, gain: 0, timestamp: Timestamp { seconds: 1486993947, nanos: 927254329 } }
2017-02-14T00:22:27.928086887+10:30 INFO pulse_manager - Pulse { freq: 150, signal_strength: -6.2672367, gain: 0, timestamp: Timestamp { seconds: 1486993947, nanos: 927254329 } }
2017-02-14T00:22:28.929048842+10:30 INFO pulse_manager - Pulse { freq: 148, signal_strength: 21.10082, gain: 0, timestamp: Timestamp { seconds: 1486993948, nanos: 928191674 } }
2017-02-14T00:22:28.929261983+10:30 INFO pulse_manager - Pulse { freq: 152, signal_strength: 9.268369, gain: 0, timestamp: Timestamp { seconds: 1486993948, nanos: 928191674 } }
2017-02-14T00:22:28.929325073+10:30 INFO pulse_manager - Pulse { freq: 150, signal_strength: -22.757069, gain: 0, timestamp: Timestamp { seconds: 1486993948, nanos: 928191674 } }
2017-02-14T00:22:29.931142780+10:30 INFO pulse_manager - Pulse { freq: 148, signal_strength: 11.629009, gain: 0, timestamp: Timestamp { seconds: 1486993949, nanos: 929146662 } }
2017-02-14T00:22:29.931440742+10:30 INFO pulse_manager - Pulse { freq: 152, signal_strength: 2.8555741, gain: 0, timestamp: Timestamp { seconds: 1486993949, nanos: 929146662 } }
2017-02-14T00:22:29.931539759+10:30 INFO pulse_manager - Pulse { freq: 150, signal_strength: -18.060987, gain: 0, timestamp: Timestamp { seconds: 1486993949, nanos: 929146662 } }
2017-02-14T00:22:30.931780157+10:30 INFO pulse_manager - Pulse { freq: 148, signal_strength: 24.011906, gain: 0, timestamp: Timestamp { seconds: 1486993950, nanos: 931256693 } }
2017-02-14T00:22:30.931887160+10:30 INFO pulse_manager - Pulse { freq: 152, signal_strength: -8.767829, gain: 0, timestamp: Timestamp { seconds: 1486993950, nanos: 931256693 } }
2017-02-14T00:22:30.931947310+10:30 INFO pulse_manager - Pulse { freq: 150, signal_strength: -19.014048, gain: 0, timestamp: Timestamp { seconds: 1486993950, nanos: 931256693 } }
2017-02-14T00:22:31.932475234+10:30 INFO pulse_manager - Pulse { freq: 148, signal_strength: 15.287847, gain: 0, timestamp: Timestamp { seconds: 1486993951, nanos: 931936295 } }
2017-02-14T00:22:31.932591650+10:30 INFO pulse_manager - Pulse { freq: 152, signal_strength: 9.386707, gain: 0, timestamp: Timestamp { seconds: 1486993951, nanos: 931936295 } }
2017-02-14T00:22:31.932652385+10:30 INFO pulse_manager - Pulse { freq: 150, signal_strength: -22.81432, gain: 0, timestamp: Timestamp { seconds: 1486993951, nanos: 931936295 } }
2017-02-14T00:22:32.936642479+10:30 INFO pulse_manager - Pulse { freq: 148, signal_strength: 14.064998, gain: 0, timestamp: Timestamp { seconds: 1486993952, nanos: 933832064 } }
2017-02-14T00:22:32.937095747+10:30 INFO pulse_manager - Pulse { freq: 152, signal_strength: -2.5512571, gain: 0, timestamp: Timestamp { seconds: 1486993952, nanos: 933832064 } }
2017-02-14T00:22:32.937250103+10:30 INFO pulse_manager - Pulse { freq: 150, signal_strength: -16.634733, gain: 0, timestamp: Timestamp { seconds: 1486993952, nanos: 933832064 } }
2017-02-14T00:22:33.939712237+10:30 INFO pulse_manager - Pulse { freq: 148, signal_strength: 26.375404, gain: 0, timestamp: Timestamp { seconds: 1486993953, nanos: 936811624 } }
2017-02-14T00:22:33.939889005+10:30 INFO pulse_manager - Pulse { freq: 152, signal_strength: -11.704034, gain: 0, timestamp: Timestamp { seconds: 1486993953, nanos: 936811624 } }
2017-02-14T00:22:33.939952164+10:30 INFO pulse_manager - Pulse { freq: 150, signal_strength: -10.39094, gain: 0, timestamp: Timestamp { seconds: 1486993953, nanos: 936811624 } }
2017-02-14T00:22:34.940541250+10:30 INFO pulse_manager - Pulse { freq: 148, signal_strength: 9.203601, gain: 0, timestamp: Timestamp { seconds: 1486993954, nanos: 939758255 } }
2017-02-14T00:22:34.940680601+10:30 INFO pulse_manager - Pulse { freq: 152, signal_strength: -3.25218, gain: 0, timestamp: Timestamp { seconds: 1486993954, nanos: 939758255 } }
2017-02-14T00:22:34.940739476+10:30 INFO pulse_manager - Pulse { freq: 150, signal_strength: -14.233997, gain: 0, timestamp: Timestamp { seconds: 1486993954, nanos: 939758255 } }
2017-02-14T00:22:35.941336662+10:30 INFO pulse_manager - Pulse { freq: 148, signal_strength: 8.610785, gain: 0, timestamp: Timestamp { seconds: 1486993955, nanos: 940684445 } }
2017-02-14T00:22:35.941440125+10:30 INFO pulse_manager - Pulse { freq: 152, signal_strength: 1.9462434, gain: 0, timestamp: Timestamp { seconds: 1486993955, nanos: 940684445 } }
2017-02-14T00:22:35.941485465+10:30 INFO pulse_manager - Pulse { freq: 150, signal_strength: -1.0817099, gain: 0, timestamp: Timestamp { seconds: 1486993955, nanos: 940684445 } }
2017-02-14T00:22:36.942655681+10:30 INFO pulse_manager - Pulse { freq: 148, signal_strength: 19.741291, gain: 0, timestamp: Timestamp { seconds: 1486993956, nanos: 941696962 } }
2017-02-14T00:22:36.942768296+10:30 INFO pulse_manager - Pulse { freq: 152, signal_strength: -6.1236286, gain: 0, timestamp: Timestamp { seconds: 1486993956, nanos: 941696962 } }
2017-02-14T00:22:36.942828594+10:30 INFO pulse_manager - Pulse { freq: 150, signal_strength: -15.200221, gain: 0, timestamp: Timestamp { seconds: 1486993956, nanos: 941696962 } }
2017-02-14T00:22:37.944143096+10:30 INFO pulse_manager - Pulse { freq: 148, signal_strength: 17.04236, gain: 0, timestamp: Timestamp { seconds: 1486993957, nanos: 942947139 } }
2017-02-14T00:22:37.944261772+10:30 INFO pulse_manager - Pulse { freq: 152, signal_strength: 15.211036, gain: 0, timestamp: Timestamp { seconds: 1486993957, nanos: 942947139 } }
2017-02-14T00:22:37.944311377+10:30 INFO pulse_manager - Pulse { freq: 150, signal_strength: -18.795502, gain: 0, timestamp: Timestamp { seconds: 1486993957, nanos: 942947139 } }
2017-02-14T00:22:38.946428599+10:30 INFO pulse_manager - Pulse { freq: 148, signal_strength: 13.248949, gain: 0, timestamp: Timestamp { seconds: 1486993958, nanos: 944272175 } }
2017-02-14T00:22:38.946790610+10:30 INFO pulse_manager - Pulse { freq: 152, signal_strength: 5.8591824, gain: 0, timestamp: Timestamp { seconds: 1486993958, nanos: 944272175 } }
2017-02-14T00:22:38.946931264+10:30 INFO pulse_manager - Pulse { freq: 150, signal_strength: -11.531334, gain: 0, timestamp: Timestamp { seconds: 1486993958, nanos: 944272175 } }
2017-02-14T00:22:39.949400969+10:30 INFO pulse_manager - Pulse { freq: 148, signal_strength: 5.856453, gain: 0, timestamp: Timestamp { seconds: 1486993959, nanos: 947817554 } }
2017-02-14T00:22:39.949606404+10:30 INFO pulse_manager - Pulse { freq: 152, signal_strength: 8.724879, gain: 0, timestamp: Timestamp { seconds: 1486993959, nanos: 947817554 } }
2017-02-14T00:22:39.949668594+10:30 INFO pulse_manager - Pulse { freq: 150, signal_strength: -23.464739, gain: 0, timestamp: Timestamp { seconds: 1486993959, nanos: 947817554 } }
2017-02-14T00:22:40.951941804+10:30 INFO pulse_manager - Pulse { freq: 148, signal_strength: 11.461352, gain: 0, timestamp: Timestamp { seconds: 1486993960, nanos: 949457436 } }
2017-02-14T00:22:40.952129265+10:30 INFO pulse_manager - Pulse { freq: 152, signal_strength: 6.7403574, gain: 0, timestamp: Timestamp { seconds: 1486993960, nanos: 949457436 } }
2017-02-14T00:22:40.952173933+10:30 INFO pulse_manager - Pulse { freq: 150, signal_strength: 0.6935911, gain: 0, timestamp: Timestamp { seconds: 1486993960, nanos: 949457436 } }
2017-02-14T00:22:41.955362283+10:30 INFO pulse_manager - Pulse { freq: 148, signal_strength: 21.917606, gain: 0, timestamp: Timestamp { seconds: 1486993961, nanos: 952383594 } }
2017-02-14T00:22:41.955556503+10:30 INFO pulse_manager - Pulse { freq: 152, signal_strength: 8.884457, gain: 0, timestamp: Timestamp { seconds: 1486993961, nanos: 952383594 } }
2017-02-14T00:22:41.955632503+10:30 INFO pulse_manager - Pulse { freq: 150, signal_strength: -8.405634, gain: 0, timestamp: Timestamp { seconds: 1486993961, nanos: 952383594 } }
2017-02-14T00:22:42.957429502+10:30 INFO pulse_manager - Pulse { freq: 148, signal_strength: 23.066204, gain: 0, timestamp: Timestamp { seconds: 1486993962, nanos: 955491100 } }
2017-02-14T00:22:42.957810027+10:30 INFO pulse_manager - Pulse { freq: 152, signal_strength: 2.7338686, gain: 0, timestamp: Timestamp { seconds: 1486993962, nanos: 955491100 } }
2017-02-14T00:22:42.957968564+10:30 INFO pulse_manager - Pulse { freq: 150, signal_strength: -4.4607754, gain: 0, timestamp: Timestamp { seconds: 1486993962, nanos: 955491100 } }
2017-02-14T00:22:43.958150985+10:30 INFO pulse_manager - Pulse { freq: 148, signal_strength: 5.0481367, gain: 0, timestamp: Timestamp { seconds: 1486993963, nanos: 957478493 } }
2017-02-14T00:22:43.958252075+10:30 INFO pulse_manager - Pulse { freq: 152, signal_strength: -8.064458, gain: 0, timestamp: Timestamp { seconds: 1486993963, nanos: 957478493 } }
2017-02-14T00:22:43.958298043+10:30 INFO pulse_manager - Pulse { freq: 150, signal_strength: -18.964924, gain: 0, timestamp: Timestamp { seconds: 1486993963, nanos: 957478493 } }
2017-02-14T00:22:44.959186653+10:30 INFO pulse_manager - Pulse { freq: 148, signal_strength: 16.4878, gain: 0, timestamp: Timestamp { seconds: 1486993964, nanos: 958127858 } }
2017-02-14T00:22:44.959309260+10:30 INFO pulse_manager - Pulse { freq: 152, signal_strength: -2.0675774, gain: 0, timestamp: Timestamp { seconds: 1486993964, nanos: 958127858 } }
2017-02-14T00:22:44.959368119+10:30 INFO pulse_manager - Pulse { freq: 150, signal_strength: -13.116334, gain: 0, timestamp: Timestamp { seconds: 1486993964, nanos: 958127858 } }
2017-02-14T00:22:45.960077803+10:30 INFO pulse_manager - Pulse { freq: 148, signal_strength: 16.329779, gain: 0, timestamp: Timestamp { seconds: 1486993965, nanos: 959276358 } }
2017-02-14T00:22:45.960200245+10:30 INFO pulse_manager - Pulse { freq: 152, signal_strength: 5.999405, gain: 0, timestamp: Timestamp { seconds: 1486993965, nanos: 959276358 } }
2017-02-14T00:22:45.960261517+10:30 INFO pulse_manager - Pulse { freq: 150, signal_strength: -13.090939, gain: 0, timestamp: Timestamp { seconds: 1486993965, nanos: 959276358 } }
2017-02-14T00:22:46.963049891+10:30 INFO pulse_manager - Pulse { freq: 148, signal_strength: 13.493455, gain: 0, timestamp: Timestamp { seconds: 1486993966, nanos: 960227708 } }
2017-02-14T00:22:46.963418855+10:30 INFO pulse_manager - Pulse { freq: 152, signal_strength: -3.3402705, gain: 0, timestamp: Timestamp { seconds: 1486993966, nanos: 960227708 } }
2017-02-14T00:22:46.963591234+10:30 INFO pulse_manager - Pulse { freq: 150, signal_strength: -11.546232, gain: 0, timestamp: Timestamp { seconds: 1486993966, nanos: 960227708 } }
2017-02-14T00:22:47.964855391+10:30 INFO pulse_manager - Pulse { freq: 148, signal_strength: 14.556629, gain: 0, timestamp: Timestamp { seconds: 1486993967, nanos: 963219796 } }
2017-02-14T00:22:47.964925556+10:30 INFO pulse_manager - Pulse { freq: 152, signal_strength: 1.4099708, gain: 0, timestamp: Timestamp { seconds: 1486993967, nanos: 963219796 } }
2017-02-14T00:22:47.964952691+10:30 INFO pulse_manager - Pulse { freq: 150, signal_strength: -12.160036, gain: 0, timestamp: Timestamp { seconds: 1486993967, nanos: 963219796 } }
2017-02-14T00:22:48.968072305+10:30 INFO pulse_manager - Pulse { freq: 148, signal_strength: 13.444134, gain: 0, timestamp: Timestamp { seconds: 1486993968, nanos: 965102266 } }
2017-02-14T00:22:48.968283986+10:30 INFO pulse_manager - Pulse { freq: 152, signal_strength: 4.1122684, gain: 0, timestamp: Timestamp { seconds: 1486993968, nanos: 965102266 } }
2017-02-14T00:22:48.968399673+10:30 INFO pulse_manager - Pulse { freq: 150, signal_strength: -12.278861, gain: 0, timestamp: Timestamp { seconds: 1486993968, nanos: 965102266 } }
2017-02-14T00:22:49.971544514+10:30 INFO pulse_manager - Pulse { freq: 148, signal_strength: 17.742462, gain: 0, timestamp: Timestamp { seconds: 1486993969, nanos: 969901409 } }
2017-02-14T00:22:49.971701447+10:30 INFO pulse_manager - Pulse { freq: 152, signal_strength: -2.3219938, gain: 0, timestamp: Timestamp { seconds: 1486993969, nanos: 969901409 } }
2017-02-14T00:22:49.971792547+10:30 INFO pulse_manager - Pulse { freq: 150, signal_strength: -11.92506, gain: 0, timestamp: Timestamp { seconds: 1486993969, nanos: 969901409 } }
2017-02-14T00:22:50.973336541+10:30 INFO pulse_manager - Pulse { freq: 148, signal_strength: 5.670224, gain: 0, timestamp: Timestamp { seconds: 1486993970, nanos: 971684735 } }
2017-02-14T00:22:50.973577365+10:30 INFO pulse_manager - Pulse { freq: 152, signal_strength: 1.1530786, gain: 0, timestamp: Timestamp { seconds: 1486993970, nanos: 971684735 } }
2017-02-14T00:22:50.973701184+10:30 INFO pulse_manager - Pulse { freq: 150, signal_strength: -24.297932, gain: 0, timestamp: Timestamp { seconds: 1486993970, nanos: 971684735 } }
2017-02-14T00:22:51.975569804+10:30 INFO pulse_manager - Pulse { freq: 148, signal_strength: 18.044643, gain: 0, timestamp: Timestamp { seconds: 1486993971, nanos: 973976396 } }
2017-02-14T00:22:51.975774381+10:30 INFO pulse_manager - Pulse { freq: 152, signal_strength: 1.5954537, gain: 0, timestamp: Timestamp { seconds: 1486993971, nanos: 973976396 } }
2017-02-14T00:22:51.975823969+10:30 INFO pulse_manager - Pulse { freq: 150, signal_strength: -15.033077, gain: 0, timestamp: Timestamp { seconds: 1486993971, nanos: 973976396 } }
2017-02-14T00:22:52.977279492+10:30 INFO pulse_manager - Pulse { freq: 148, signal_strength: 23.944218, gain: 0, timestamp: Timestamp { seconds: 1486993972, nanos: 975717550 } }
2017-02-14T00:22:52.977610330+10:30 INFO pulse_manager - Pulse { freq: 152, signal_strength: -5.0159845, gain: 0, timestamp: Timestamp { seconds: 1486993972, nanos: 975717550 } }
2017-02-14T00:22:52.977732514+10:30 INFO pulse_manager - Pulse { freq: 150, signal_strength: -15.252943, gain: 0, timestamp: Timestamp { seconds: 1486993972, nanos: 975717550 } }
2017-02-14T00:22:53.979448996+10:30 INFO pulse_manager - Pulse { freq: 148, signal_strength: 10.216772, gain: 0, timestamp: Timestamp { seconds: 1486993973, nanos: 977468899 } }
2017-02-14T00:22:53.983797159+10:30 INFO pulse_manager - Pulse { freq: 152, signal_strength: 6.6819787, gain: 0, timestamp: Timestamp { seconds: 1486993973, nanos: 977468899 } }
2017-02-14T00:22:53.983872835+10:30 INFO pulse_manager - Pulse { freq: 150, signal_strength: -9.670191, gain: 0, timestamp: Timestamp { seconds: 1486993973, nanos: 977468899 } }
2017-02-14T00:22:54.981256617+10:30 INFO pulse_manager - Pulse { freq: 148, signal_strength: 11.149664, gain: 0, timestamp: Timestamp { seconds: 1486993974, nanos: 979650757 } }
2017-02-14T00:22:54.981368767+10:30 INFO pulse_manager - Pulse { freq: 152, signal_strength: 7.769606, gain: 0, timestamp: Timestamp { seconds: 1486993974, nanos: 979650757 } }
2017-02-14T00:22:54.981420167+10:30 INFO pulse_manager - Pulse { freq: 150, signal_strength: -17.90555, gain: 0, timestamp: Timestamp { seconds: 1486993974, nanos: 979650757 } }
2017-02-14T00:22:55.983662615+10:30 INFO pulse_manager - Pulse { freq: 148, signal_strength: 15.513487, gain: 0, timestamp: Timestamp { seconds: 1486993975, nanos: 981586638 } }
2017-02-14T00:22:55.983796073+10:30 INFO pulse_manager - Pulse { freq: 152, signal_strength: -2.378974, gain: 0, timestamp: Timestamp { seconds: 1486993975, nanos: 981586638 } }
2017-02-14T00:22:55.983837018+10:30 INFO pulse_manager - Pulse { freq: 150, signal_strength: -15.44347, gain: 0, timestamp: Timestamp { seconds: 1486993975, nanos: 981586638 } }
2017-02-14T00:22:56.985409658+10:30 INFO pulse_manager - Pulse { freq: 148, signal_strength: 8.418524, gain: 0, timestamp: Timestamp { seconds: 1486993976, nanos: 983696745 } }
2017-02-14T00:22:56.985477766+10:30 INFO pulse_manager - Pulse { freq: 152, signal_strength: -3.068318, gain: 0, timestamp: Timestamp { seconds: 1486993976, nanos: 983696745 } }
2017-02-14T00:22:56.985509448+10:30 INFO pulse_manager - Pulse { freq: 150, signal_strength: -9.625774, gain: 0, timestamp: Timestamp { seconds: 1486993976, nanos: 983696745 } }
2017-02-14T00:22:57.988111748+10:30 INFO pulse_manager - Pulse { freq: 148, signal_strength: 18.439674, gain: 0, timestamp: Timestamp { seconds: 1486993977, nanos: 986032837 } }
2017-02-14T00:22:57.988346052+10:30 INFO pulse_manager - Pulse { freq: 152, signal_strength: -2.5325756, gain: 0, timestamp: Timestamp { seconds: 1486993977, nanos: 986032837 } }
2017-02-14T00:22:57.988442612+10:30 INFO pulse_manager - Pulse { freq: 150, signal_strength: -8.352425, gain: 0, timestamp: Timestamp { seconds: 1486993977, nanos: 986032837 } }
2017-02-14T00:22:58.992643010+10:30 INFO pulse_manager - Pulse { freq: 148, signal_strength: 12.114139, gain: 0, timestamp: Timestamp { seconds: 1486993978, nanos: 988254046 } }
2017-02-14T00:22:58.992942711+10:30 INFO pulse_manager - Pulse { freq: 152, signal_strength: 8.249926, gain: 0, timestamp: Timestamp { seconds: 1486993978, nanos: 988254046 } }
2017-02-14T00:22:58.993070941+10:30 INFO pulse_manager - Pulse { freq: 150, signal_strength: -8.540651, gain: 0, timestamp: Timestamp { seconds: 1486993978, nanos: 988254046 } }
2017-02-14T00:22:59.994940247+10:30 INFO pulse_manager - Pulse { freq: 148, signal_strength: 3.852376, gain: 0, timestamp: Timestamp { seconds: 1486993979, nanos: 990662428 } }
2017-02-14T00:22:59.995303972+10:30 INFO pulse_manager - Pulse { freq: 152, signal_strength: -5.6086807, gain: 0, timestamp: Timestamp { seconds: 1486993979, nanos: 990662428 } }
2017-02-14T00:22:59.995409568+10:30 INFO pulse_manager - Pulse { freq: 150, signal_strength: -9.672163, gain: 0, timestamp: Timestamp { seconds: 1486993979, nanos: 990662428 } }
2017-02-14T00:23:00.999369672+10:30 INFO pulse_manager - Pulse { freq: 148, signal_strength: 24.230343, gain: 0, timestamp: Timestamp { seconds: 1486993980, nanos: 994638955 } }
2017-02-14T00:23:00.999565596+10:30 INFO pulse_manager - Pulse { freq: 152, signal_strength: -1.1613348, gain: 0, timestamp: Timestamp { seconds: 1486993980, nanos: 994638955 } }
2017-02-14T00:23:00.999646063+10:30 INFO pulse_manager - Pulse { freq: 150, signal_strength: -17.005682, gain: 0, timestamp: Timestamp { seconds: 1486993980, nanos: 994638955 } }
2017-02-14T00:23:02.001499450+10:30 INFO pulse_manager - Pulse { freq: 148, signal_strength: 13.027224, gain: 0, timestamp: Timestamp { seconds: 1486993981, nanos: 999446162 } }
2017-02-14T00:23:02.001846812+10:30 INFO pulse_manager - Pulse { freq: 152, signal_strength: 1.9173859, gain: 0, timestamp: Timestamp { seconds: 1486993981, nanos: 999446162 } }
2017-02-14T00:23:02.001974480+10:30 INFO pulse_manager - Pulse { freq: 150, signal_strength: -23.736694, gain: 0, timestamp: Timestamp { seconds: 1486993981, nanos: 999446162 } }
2017-02-14T00:23:03.003132903+10:30 INFO pulse_manager - Pulse { freq: 148, signal_strength: 17.998718, gain: 0, timestamp: Timestamp { seconds: 1486993983, nanos: 1602437 } }
2017-02-14T00:23:03.003556329+10:30 INFO pulse_manager - Pulse { freq: 152, signal_strength: 8.938135, gain: 0, timestamp: Timestamp { seconds: 1486993983, nanos: 1602437 } }
2017-02-14T00:23:03.003664456+10:30 INFO pulse_manager - Pulse { freq: 150, signal_strength: -21.904753, gain: 0, timestamp: Timestamp { seconds: 1486993983, nanos: 1602437 } }
2017-02-14T00:23:04.005488633+10:30 INFO pulse_manager - Pulse { freq: 148, signal_strength: 20.430874, gain: 0, timestamp: Timestamp { seconds: 1486993984, nanos: 3904680 } }
2017-02-14T00:23:04.005683245+10:30 INFO pulse_manager - Pulse { freq: 152, signal_strength: 2.948779, gain: 0, timestamp: Timestamp { seconds: 1486993984, nanos: 3904680 } }
2017-02-14T00:23:04.005718348+10:30 INFO pulse_manager - Pulse { freq: 150, signal_strength: -24.585308, gain: 0, timestamp: Timestamp { seconds: 1486993984, nanos: 3904680 } }
2017-02-14T00:23:05.007040401+10:30 INFO pulse_manager - Pulse { freq: 148, signal_strength: 6.4671817, gain: 0, timestamp: Timestamp { seconds: 1486993985, nanos: 5638902 } }
2017-02-14T00:23:05.007163377+10:30 INFO pulse_manager - Pulse { freq: 152, signal_strength: 2.3139732, gain: 0, timestamp: Timestamp { seconds: 1486993985, nanos: 5638902 } }
2017-02-14T00:23:05.007210938+10:30 INFO pulse_manager - Pulse { freq: 150, signal_strength: -10.910925, gain: 0, timestamp: Timestamp { seconds: 1486993985, nanos: 5638902 } }
2017-02-14T00:23:06.007795487+10:30 INFO pulse_manager - Pulse { freq: 148, signal_strength: 14.407538, gain: 0, timestamp: Timestamp { seconds: 1486993986, nanos: 7057997 } }
2017-02-14T00:23:06.007907713+10:30 INFO pulse_manager - Pulse { freq: 152, signal_strength: 13.549396, gain: 0, timestamp: Timestamp { seconds: 1486993986, nanos: 7057997 } }
2017-02-14T00:23:06.007955288+10:30 INFO pulse_manager - Pulse { freq: 150, signal_strength: -17.220583, gain: 0, timestamp: Timestamp { seconds: 1486993986, nanos: 7057997 } }
2017-02-14T00:23:07.011625087+10:30 INFO pulse_manager - Pulse { freq: 148, signal_strength: 14.97991, gain: 0, timestamp: Timestamp { seconds: 1486993987, nanos: 8456088 } }
2017-02-14T00:23:07.011859811+10:30 INFO pulse_manager - Pulse { freq: 152, signal_strength: 5.749605, gain: 0, timestamp: Timestamp { seconds: 1486993987, nanos: 8456088 } }
2017-02-14T00:23:07.011924346+10:30 INFO pulse_manager - Pulse { freq: 150, signal_strength: -25.609795, gain: 0, timestamp: Timestamp { seconds: 1486993987, nanos: 8456088 } }
2017-02-14T00:23:08.012505974+10:30 INFO pulse_manager - Pulse { freq: 148, signal_strength: 10.259089, gain: 0, timestamp: Timestamp { seconds: 1486993988, nanos: 10548739 } }
2017-02-14T00:23:08.012703682+10:30 INFO pulse_manager - Pulse { freq: 152, signal_strength: -12.740083, gain: 0, timestamp: Timestamp { seconds: 1486993988, nanos: 10548739 } }
2017-02-14T00:23:08.012814028+10:30 INFO pulse_manager - Pulse { freq: 150, signal_strength: -8.814699, gain: 0, timestamp: Timestamp { seconds: 1486993988, nanos: 10548739 } }
2017-02-14T00:23:09.015077703+10:30 INFO pulse_manager - Pulse { freq: 148, signal_strength: 4.8678474, gain: 0, timestamp: Timestamp { seconds: 1486993989, nanos: 12618897 } }
2017-02-14T00:23:09.015346189+10:30 INFO pulse_manager - Pulse { freq: 152, signal_strength: -2.3990011, gain: 0, timestamp: Timestamp { seconds: 1486993989, nanos: 12618897 } }
2017-02-14T00:23:09.015430973+10:30 INFO pulse_manager - Pulse { freq: 150, signal_strength: -12.801769, gain: 0, timestamp: Timestamp { seconds: 1486993989, nanos: 12618897 } }
2017-02-14T00:23:10.016959133+10:30 INFO pulse_manager - Pulse { freq: 148, signal_strength: 11.066569, gain: 0, timestamp: Timestamp { seconds: 1486993990, nanos: 14964020 } }
2017-02-14T00:23:10.017060079+10:30 INFO pulse_manager - Pulse { freq: 152, signal_strength: -2.7992716, gain: 0, timestamp: Timestamp { seconds: 1486993990, nanos: 14964020 } }
2017-02-14T00:23:10.017097155+10:30 INFO pulse_manager - Pulse { freq: 150, signal_strength: -16.976751, gain: 0, timestamp: Timestamp { seconds: 1486993990, nanos: 14964020 } }
2017-02-14T00:23:11.019325402+10:30 INFO pulse_manager - Pulse { freq: 148, signal_strength: 10.702215, gain: 0, timestamp: Timestamp { seconds: 1486993991, nanos: 17331791 } }
2017-02-14T00:23:11.019396550+10:30 INFO pulse_manager - Pulse { freq: 152, signal_strength: 5.227947, gain: 0, timestamp: Timestamp { seconds: 1486993991, nanos: 17331791 } }
2017-02-14T00:23:11.019424732+10:30 INFO pulse_manager - Pulse { freq: 150, signal_strength: -22.896275, gain: 0, timestamp: Timestamp { seconds: 1486993991, nanos: 17331791 } }
2017-02-14T00:23:12.021718697+10:30 INFO pulse_manager - Pulse { freq: 148, signal_strength: 12.01302, gain: 0, timestamp: Timestamp { seconds: 1486993992, nanos: 19625357 } }
2017-02-14T00:23:12.021972387+10:30 INFO pulse_manager - Pulse { freq: 152, signal_strength: 5.773864, gain: 0, timestamp: Timestamp { seconds: 1486993992, nanos: 19625357 } }
2017-02-14T00:23:12.022106368+10:30 INFO pulse_manager - Pulse { freq: 150, signal_strength: -19.686821, gain: 0, timestamp: Timestamp { seconds: 1486993992, nanos: 19625357 } }
2017-02-14T00:23:13.024293349+10:30 INFO pulse_manager - Pulse { freq: 148, signal_strength: 23.504074, gain: 0, timestamp: Timestamp { seconds: 1486993993, nanos: 22319375 } }
2017-02-14T00:23:13.024453694+10:30 INFO pulse_manager - Pulse { freq: 152, signal_strength: -8.204276, gain: 0, timestamp: Timestamp { seconds: 1486993993, nanos: 22319375 } }
2017-02-14T00:23:13.024550779+10:30 INFO pulse_manager - Pulse { freq: 150, signal_strength: -12.078152, gain: 0, timestamp: Timestamp { seconds: 1486993993, nanos: 22319375 } }
2017-02-14T00:23:14.027631092+10:30 INFO pulse_manager - Pulse { freq: 148, signal_strength: 5.391959, gain: 0, timestamp: Timestamp { seconds: 1486993994, nanos: 24789642 } }
2017-02-14T00:23:14.028037676+10:30 INFO pulse_manager - Pulse { freq: 152, signal_strength: 10.403759, gain: 0, timestamp: Timestamp { seconds: 1486993994, nanos: 24789642 } }
2017-02-14T00:23:14.028126948+10:30 INFO pulse_manager - Pulse { freq: 150, signal_strength: 1.6541309, gain: 0, timestamp: Timestamp { seconds: 1486993994, nanos: 24789642 } }
2017-02-14T00:23:15.028726137+10:30 INFO pulse_manager - Pulse { freq: 148, signal_strength: 16.25796, gain: 0, timestamp: Timestamp { seconds: 1486993995, nanos: 26678275 } }
2017-02-14T00:23:15.028895498+10:30 INFO pulse_manager - Pulse { freq: 152, signal_strength: 7.273502, gain: 0, timestamp: Timestamp { seconds: 1486993995, nanos: 26678275 } }
2017-02-14T00:23:15.028943877+10:30 INFO pulse_manager - Pulse { freq: 150, signal_strength: -11.74791, gain: 0, timestamp: Timestamp { seconds: 1486993995, nanos: 26678275 } }
2017-02-14T00:23:16.030747202+10:30 INFO pulse_manager - Pulse { freq: 148, signal_strength: 12.755601, gain: 0, timestamp: Timestamp { seconds: 1486993996, nanos: 28841485 } }
2017-02-14T00:23:16.030844099+10:30 INFO pulse_manager - Pulse { freq: 152, signal_strength: 7.583763, gain: 0, timestamp: Timestamp { seconds: 1486993996, nanos: 28841485 } }
2017-02-14T00:23:16.030877254+10:30 INFO pulse_manager - Pulse { freq: 150, signal_strength: -18.733263, gain: 0, timestamp: Timestamp { seconds: 1486993996, nanos: 28841485 } }
2017-02-14T00:23:17.033279835+10:30 INFO pulse_manager - Pulse { freq: 148, signal_strength: 13.605059, gain: 0, timestamp: Timestamp { seconds: 1486993997, nanos: 31439422 } }
2017-02-14T00:23:17.033368779+10:30 INFO pulse_manager - Pulse { freq: 152, signal_strength: -4.9963827, gain: 0, timestamp: Timestamp { seconds: 1486993997, nanos: 31439422 } }
2017-02-14T00:23:17.033397865+10:30 INFO pulse_manager - Pulse { freq: 150, signal_strength: -22.567701, gain: 0, timestamp: Timestamp { seconds: 1486993997, nanos: 31439422 } }
2017-02-14T00:23:18.035664354+10:30 INFO pulse_manager - Pulse { freq: 148, signal_strength: 12.146444, gain: 0, timestamp: Timestamp { seconds: 1486993998, nanos: 33421852 } }
2017-02-14T00:23:18.035747702+10:30 INFO pulse_manager - Pulse { freq: 152, signal_strength: 9.172129, gain: 0, timestamp: Timestamp { seconds: 1486993998, nanos: 33421852 } }
2017-02-14T00:23:18.035776327+10:30 INFO pulse_manager - Pulse { freq: 150, signal_strength: -9.097504, gain: 0, timestamp: Timestamp { seconds: 1486993998, nanos: 33421852 } }
2017-02-14T00:23:19.038307418+10:30 INFO pulse_manager - Pulse { freq: 148, signal_strength: 19.464577, gain: 0, timestamp: Timestamp { seconds: 1486993999, nanos: 36084354 } }
2017-02-14T00:23:19.038518131+10:30 INFO pulse_manager - Pulse { freq: 152, signal_strength: 3.6213763, gain: 0, timestamp: Timestamp { seconds: 1486993999, nanos: 36084354 } }
2017-02-14T00:23:19.038592119+10:30 INFO pulse_manager - Pulse { freq: 150, signal_strength: -6.960388, gain: 0, timestamp: Timestamp { seconds: 1486993999, nanos: 36084354 } }
2017-02-14T00:23:20.040457068+10:30 INFO pulse_manager - Pulse { freq: 148, signal_strength: 15.749551, gain: 0, timestamp: Timestamp { seconds: 1486994000, nanos: 38381047 } }
2017-02-14T00:23:20.040547417+10:30 INFO pulse_manager - Pulse { freq: 152, signal_strength: 11.675516, gain: 0, timestamp: Timestamp { seconds: 1486994000, nanos: 38381047 } }
2017-02-14T00:23:20.040587497+10:30 INFO pulse_manager - Pulse { freq: 150, signal_strength: -14.696333, gain: 0, timestamp: Timestamp { seconds: 1486994000, nanos: 38381047 } }
2017-02-14T00:23:21.041201809+10:30 INFO pulse_manager - Pulse { freq: 148, signal_strength: 17.826527, gain: 0, timestamp: Timestamp { seconds: 1486994001, nanos: 40559586 } }
2017-02-14T00:23:21.041266621+10:30 INFO pulse_manager - Pulse { freq: 152, signal_strength: 2.295478, gain: 0, timestamp: Timestamp { seconds: 1486994001, nanos: 40559586 } }
2017-02-14T00:23:21.041295104+10:30 INFO pulse_manager - Pulse { freq: 150, signal_strength: -12.209904, gain: 0, timestamp: Timestamp { seconds: 1486994001, nanos: 40559586 } }
2017-02-14T00:23:22.043160326+10:30 INFO pulse_manager - Pulse { freq: 148, signal_strength: 12.5085745, gain: 0, timestamp: Timestamp { seconds: 1486994002, nanos: 41518692 } }
2017-02-14T00:23:22.043369955+10:30 INFO pulse_manager - Pulse { freq: 152, signal_strength: -8.350837, gain: 0, timestamp: Timestamp { seconds: 1486994002, nanos: 41518692 } }
2017-02-14T00:23:22.043437246+10:30 INFO pulse_manager - Pulse { freq: 150, signal_strength: -6.7112646, gain: 0, timestamp: Timestamp { seconds: 1486994002, nanos: 41518692 } }
2017-02-14T00:23:23.047531951+10:30 INFO pulse_manager - Pulse { freq: 148, signal_strength: 13.944459, gain: 0, timestamp: Timestamp { seconds: 1486994003, nanos: 45270981 } }
2017-02-14T00:23:23.047629313+10:30 INFO pulse_manager - Pulse { freq: 152, signal_strength: 13.700802, gain: 0, timestamp: Timestamp { seconds: 1486994003, nanos: 45270981 } }
2017-02-14T00:23:23.047659934+10:30 INFO pulse_manager - Pulse { freq: 150, signal_strength: -16.773712, gain: 0, timestamp: Timestamp { seconds: 1486994003, nanos: 45270981 } }
2017-02-14T00:23:24.050921693+10:30 INFO pulse_manager - Pulse { freq: 148, signal_strength: 8.796579, gain: 0, timestamp: Timestamp { seconds: 1486994004, nanos: 48973274 } }
2017-02-14T00:23:24.050986263+10:30 INFO pulse_manager - Pulse { freq: 152, signal_strength: -9.360507, gain: 0, timestamp: Timestamp { seconds: 1486994004, nanos: 48973274 } }
2017-02-14T00:23:24.051013868+10:30 INFO pulse_manager - Pulse { freq: 150, signal_strength: -11.223244, gain: 0, timestamp: Timestamp { seconds: 1486994004, nanos: 48973274 } }
2017-02-14T00:23:25.052835464+10:30 INFO pulse_manager - Pulse { freq: 148, signal_strength: 15.509452, gain: 0, timestamp: Timestamp { seconds: 1486994005, nanos: 51084364 } }
2017-02-14T00:23:25.052993715+10:30 INFO pulse_manager - Pulse { freq: 152, signal_strength: 0.87736046, gain: 0, timestamp: Timestamp { seconds: 1486994005, nanos: 51084364 } }
2017-02-14T00:23:25.053057112+10:30 INFO pulse_manager - Pulse { freq: 150, signal_strength: -23.917574, gain: 0, timestamp: Timestamp { seconds: 1486994005, nanos: 51084364 } }
2017-02-14T00:23:26.055240169+10:30 INFO pulse_manager - Pulse { freq: 148, signal_strength: 12.7367325, gain: 0, timestamp: Timestamp { seconds: 1486994006, nanos: 52958081 } }
2017-02-14T00:23:26.055409429+10:30 INFO pulse_manager - Pulse { freq: 152, signal_strength: -3.847393, gain: 0, timestamp: Timestamp { seconds: 1486994006, nanos: 52958081 } }
2017-02-14T00:23:26.055485438+10:30 INFO pulse_manager - Pulse { freq: 150, signal_strength: -12.785794, gain: 0, timestamp: Timestamp { seconds: 1486994006, nanos: 52958081 } }
2017-02-14T00:23:27.057704252+10:30 INFO pulse_manager - Pulse { freq: 148, signal_strength: 11.140209, gain: 0, timestamp: Timestamp { seconds: 1486994007, nanos: 55365053 } }
2017-02-14T00:23:27.057960986+10:30 INFO pulse_manager - Pulse { freq: 152, signal_strength: 2.9988663, gain: 0, timestamp: Timestamp { seconds: 1486994007, nanos: 55365053 } }
2017-02-14T00:23:27.058047073+10:30 INFO pulse_manager - Pulse { freq: 150, signal_strength: -13.00484, gain: 0, timestamp: Timestamp { seconds: 1486994007, nanos: 55365053 } }
2017-02-14T00:23:28.061302504+10:30 INFO pulse_manager - Pulse { freq: 148, signal_strength: 13.612991, gain: 0, timestamp: Timestamp { seconds: 1486994008, nanos: 59531860 } }
2017-02-14T00:23:28.061505439+10:30 INFO pulse_manager - Pulse { freq: 152, signal_strength: 2.2835927, gain: 0, timestamp: Timestamp { seconds: 1486994008, nanos: 59531860 } }
2017-02-14T00:23:28.061550932+10:30 INFO pulse_manager - Pulse { freq: 150, signal_strength: -10.534506, gain: 0, timestamp: Timestamp { seconds: 1486994008, nanos: 59531860 } }
2017-02-14T00:23:29.063349564+10:30 INFO pulse_manager - Pulse { freq: 148, signal_strength: 12.14995, gain: 0, timestamp: Timestamp { seconds: 1486994009, nanos: 61265298 } }
2017-02-14T00:23:29.063559952+10:30 INFO pulse_manager - Pulse { freq: 152, signal_strength: 6.6790395, gain: 0, timestamp: Timestamp { seconds: 1486994009, nanos: 61265298 } }
2017-02-14T00:23:29.063608229+10:30 INFO pulse_manager - Pulse { freq: 150, signal_strength: -10.591481, gain: 0, timestamp: Timestamp { seconds: 1486994009, nanos: 61265298 } }
2017-02-14T00:23:30.066395611+10:30 INFO pulse_manager - Pulse { freq: 148, signal_strength: 9.862624, gain: 0, timestamp: Timestamp { seconds: 1486994010, nanos: 63654985 } }
2017-02-14T00:23:30.066633172+10:30 INFO pulse_manager - Pulse { freq: 152, signal_strength: 3.2851052, gain: 0, timestamp: Timestamp { seconds: 1486994010, nanos: 63654985 } }
2017-02-14T00:23:30.066683345+10:30 INFO pulse_manager - Pulse { freq: 150, signal_strength: -13.112061, gain: 0, timestamp: Timestamp { seconds: 1486994010, nanos: 63654985 } }
2017-02-14T00:23:31.070077229+10:30 INFO pulse_manager - Pulse { freq: 148, signal_strength: 9.337708, gain: 0, timestamp: Timestamp { seconds: 1486994011, nanos: 66590801 } }
2017-02-14T00:23:31.070259553+10:30 INFO pulse_manager - Pulse { freq: 152, signal_strength: -6.0545483, gain: 0, timestamp: Timestamp { seconds: 1486994011, nanos: 66590801 } }
2017-02-14T00:23:31.070337988+10:30 INFO pulse_manager - Pulse { freq: 150, signal_strength: -15.449638, gain: 0, timestamp: Timestamp { seconds: 1486994011, nanos: 66590801 } }
2017-02-14T00:23:32.070683294+10:30 INFO pulse_manager - Pulse { freq: 148, signal_strength: 20.201836, gain: 0, timestamp: Timestamp { seconds: 1486994012, nanos: 69979713 } }
2017-02-14T00:23:32.070761033+10:30 INFO pulse_manager - Pulse { freq: 152, signal_strength: -4.9802847, gain: 0, timestamp: Timestamp { seconds: 1486994012, nanos: 69979713 } }
2017-02-14T00:23:32.070792128+10:30 INFO pulse_manager - Pulse { freq: 150, signal_strength: -17.680183, gain: 0, timestamp: Timestamp { seconds: 1486994012, nanos: 69979713 } }
2017-02-14T00:23:33.074749213+10:30 INFO pulse_manager - Pulse { freq: 148, signal_strength: 18.458685, gain: 0, timestamp: Timestamp { seconds: 1486994013, nanos: 71062532 } }
2017-02-14T00:23:33.074823056+10:30 INFO pulse_manager - Pulse { freq: 152, signal_strength: -1.4048662, gain: 0, timestamp: Timestamp { seconds: 1486994013, nanos: 71062532 } }
2017-02-14T00:23:33.074857521+10:30 INFO pulse_manager - Pulse { freq: 150, signal_strength: -11.047672, gain: 0, timestamp: Timestamp { seconds: 1486994013, nanos: 71062532 } }
2017-02-14T00:23:34.076443183+10:30 INFO pulse_manager - Pulse { freq: 148, signal_strength: 5.453395, gain: 0, timestamp: Timestamp { seconds: 1486994014, nanos: 75109082 } }
2017-02-14T00:23:34.076654398+10:30 INFO pulse_manager - Pulse { freq: 152, signal_strength: 2.7278676, gain: 0, timestamp: Timestamp { seconds: 1486994014, nanos: 75109082 } }
2017-02-14T00:23:34.076707201+10:30 INFO pulse_manager - Pulse { freq: 150, signal_strength: -1.9410124, gain: 0, timestamp: Timestamp { seconds: 1486994014, nanos: 75109082 } }
2017-02-14T00:23:35.078373182+10:30 INFO pulse_manager - Pulse { freq: 148, signal_strength: 20.905397, gain: 0, timestamp: Timestamp { seconds: 1486994015, nanos: 76882675 } }
2017-02-14T00:23:35.078519239+10:30 INFO pulse_manager - Pulse { freq: 152, signal_strength: 0.8836229, gain: 0, timestamp: Timestamp { seconds: 1486994015, nanos: 76882675 } }
2017-02-14T00:23:35.078582739+10:30 INFO pulse_manager - Pulse { freq: 150, signal_strength: -10.841714, gain: 0, timestamp: Timestamp { seconds: 1486994015, nanos: 76882675 } }
2017-02-14T00:23:36.082401543+10:30 INFO pulse_manager - Pulse { freq: 148, signal_strength: 20.116268, gain: 0, timestamp: Timestamp { seconds: 1486994016, nanos: 78428809 } }
2017-02-14T00:23:36.082477293+10:30 INFO pulse_manager - Pulse { freq: 152, signal_strength: -3.1039205, gain: 0, timestamp: Timestamp { seconds: 1486994016, nanos: 78428809 } }
2017-02-14T00:23:36.082507062+10:30 INFO pulse_manager - Pulse { freq: 150, signal_strength: -25.990765, gain: 0, timestamp: Timestamp { seconds: 1486994016, nanos: 78428809 } }
2017-02-14T00:23:37.083864202+10:30 INFO pulse_manager - Pulse { freq: 148, signal_strength: 16.347616, gain: 0, timestamp: Timestamp { seconds: 1486994017, nanos: 82743238 } }
2017-02-14T00:23:37.083972126+10:30 INFO pulse_manager - Pulse { freq: 152, signal_strength: 6.080471, gain: 0, timestamp: Timestamp { seconds: 1486994017, nanos: 82743238 } }
2017-02-14T00:23:37.084035501+10:30 INFO pulse_manager - Pulse { freq: 150, signal_strength: -23.163063, gain: 0, timestamp: Timestamp { seconds: 1486994017, nanos: 82743238 } }
2017-02-14T00:23:38.087729132+10:30 INFO pulse_manager - Pulse { freq: 148, signal_strength: 18.857477, gain: 0, timestamp: Timestamp { seconds: 1486994018, nanos: 84005748 } }
2017-02-14T00:23:38.087872561+10:30 INFO pulse_manager - Pulse { freq: 152, signal_strength: 1.5642588, gain: 0, timestamp: Timestamp { seconds: 1486994018, nanos: 84005748 } }
2017-02-14T00:23:38.087922774+10:30 INFO pulse_manager - Pulse { freq: 150, signal_strength: -8.934881, gain: 0, timestamp: Timestamp { seconds: 1486994018, nanos: 84005748 } }
2017-02-14T00:23:39.089276821+10:30 INFO pulse_manager - Pulse { freq: 148, signal_strength: 15.4773445, gain: 0, timestamp: Timestamp { seconds: 1486994019, nanos: 87794681 } }
2017-02-14T00:23:39.089471802+10:30 INFO pulse_manager - Pulse { freq: 152, signal_strength: -0.42469287, gain: 0, timestamp: Timestamp { seconds: 1486994019, nanos: 87794681 } }
2017-02-14T00:23:39.089505570+10:30 INFO pulse_manager - Pulse { freq: 150, signal_strength: -17.920979, gain: 0, timestamp: Timestamp { seconds: 1486994019, nanos: 87794681 } }
2017-02-14T00:23:40.090674701+10:30 INFO pulse_manager - Pulse { freq: 148, signal_strength: 18.997942, gain: 0, timestamp: Timestamp { seconds: 1486994020, nanos: 89407356 } }
2017-02-14T00:23:40.090748184+10:30 INFO pulse_manager - Pulse { freq: 152, signal_strength: 6.825222, gain: 0, timestamp: Timestamp { seconds: 1486994020, nanos: 89407356 } }
2017-02-14T00:23:40.090777067+10:30 INFO pulse_manager - Pulse { freq: 150, signal_strength: -15.39813, gain: 0, timestamp: Timestamp { seconds: 1486994020, nanos: 89407356 } }
2017-02-14T00:23:41.092966821+10:30 INFO pulse_manager - Pulse { freq: 148, signal_strength: 18.234161, gain: 0, timestamp: Timestamp { seconds: 1486994021, nanos: 90835429 } }
2017-02-14T00:23:41.093043575+10:30 INFO pulse_manager - Pulse { freq: 152, signal_strength: 0.74720633, gain: 0, timestamp: Timestamp { seconds: 1486994021, nanos: 90835429 } }
2017-02-14T00:23:41.093073971+10:30 INFO pulse_manager - Pulse { freq: 150, signal_strength: -9.283596, gain: 0, timestamp: Timestamp { seconds: 1486994021, nanos: 90835429 } }
2017-02-14T00:23:42.095130967+10:30 INFO pulse_manager - Pulse { freq: 148, signal_strength: 14.988301, gain: 0, timestamp: Timestamp { seconds: 1486994022, nanos: 93132003 } }
2017-02-14T00:23:42.095214435+10:30 INFO pulse_manager - Pulse { freq: 152, signal_strength: -0.15004301, gain: 0, timestamp: Timestamp { seconds: 1486994022, nanos: 93132003 } }
2017-02-14T00:23:42.095245023+10:30 INFO pulse_manager - Pulse { freq: 150, signal_strength: -18.009548, gain: 0, timestamp: Timestamp { seconds: 1486994022, nanos: 93132003 } }
2017-02-14T00:23:43.096740630+10:30 INFO pulse_manager - Pulse { freq: 148, signal_strength: 20.23136, gain: 0, timestamp: Timestamp { seconds: 1486994023, nanos: 95196150 } }
2017-02-14T00:23:43.096951271+10:30 INFO pulse_manager - Pulse { freq: 152, signal_strength: 7.4150987, gain: 0, timestamp: Timestamp { seconds: 1486994023, nanos: 95196150 } }
2017-02-14T00:23:43.097043659+10:30 INFO pulse_manager - Pulse { freq: 150, signal_strength: -16.324963, gain: 0, timestamp: Timestamp { seconds: 1486994023, nanos: 95196150 } }
2017-02-14T00:23:44.098924643+10:30 INFO pulse_manager - Pulse { freq: 148, signal_strength: 14.904766, gain: 0, timestamp: Timestamp { seconds: 1486994024, nanos: 96727996 } }
2017-02-14T00:23:44.099018454+10:30 INFO pulse_manager - Pulse { freq: 152, signal_strength: 1.4374543, gain: 0, timestamp: Timestamp { seconds: 1486994024, nanos: 96727996 } }
2017-02-14T00:23:44.099048906+10:30 INFO pulse_manager - Pulse { freq: 150, signal_strength: -9.880316, gain: 0, timestamp: Timestamp { seconds: 1486994024, nanos: 96727996 } }
2017-02-14T00:23:45.100119816+10:30 INFO pulse_manager - Pulse { freq: 148, signal_strength: 20.719898, gain: 0, timestamp: Timestamp { seconds: 1486994025, nanos: 99272801 } }
2017-02-14T00:23:45.100191631+10:30 INFO pulse_manager - Pulse { freq: 152, signal_strength: 7.4578295, gain: 0, timestamp: Timestamp { seconds: 1486994025, nanos: 99272801 } }
2017-02-14T00:23:45.100222233+10:30 INFO pulse_manager - Pulse { freq: 150, signal_strength: -13.104586, gain: 0, timestamp: Timestamp { seconds: 1486994025, nanos: 99272801 } }
2017-02-14T00:23:46.103411376+10:30 INFO pulse_manager - Pulse { freq: 148, signal_strength: 3.1508255, gain: 0, timestamp: Timestamp { seconds: 1486994026, nanos: 100440324 } }
2017-02-14T00:23:46.103592949+10:30 INFO pulse_manager - Pulse { freq: 152, signal_strength: 10.00662, gain: 0, timestamp: Timestamp { seconds: 1486994026, nanos: 100440324 } }
2017-02-14T00:23:46.103654211+10:30 INFO pulse_manager - Pulse { freq: 150, signal_strength: -9.869692, gain: 0, timestamp: Timestamp { seconds: 1486994026, nanos: 100440324 } }
